[debug] [2022-10-05T21:12:05.380Z] ----------------------------------------------------------------------
[debug] [2022-10-05T21:12:05.382Z] Command:       C:\Program Files\nodejs\node.exe C:\Users\Silver\AppData\Roaming\npm\node_modules\firebase-tools\lib\bin\firebase.js deploy
[debug] [2022-10-05T21:12:05.382Z] CLI Version:   9.22.0
[debug] [2022-10-05T21:12:05.382Z] Platform:      win32
[debug] [2022-10-05T21:12:05.382Z] Node Version:  v16.13.0
[debug] [2022-10-05T21:12:05.383Z] Time:          Wed Oct 05 2022 23:12:05 GMT+0200 (hora de verano de Europa central)
[debug] [2022-10-05T21:12:05.384Z] ----------------------------------------------------------------------
[debug] 
[debug] [2022-10-05T21:12:05.389Z] >>> [apiv2][query] GET https://firebase-public.firebaseio.com/cli.json [none]
[debug] [2022-10-05T21:12:05.457Z] > command requires scopes: ["email","openid","https://www.googleapis.com/auth/cloudplatformprojects.readonly","https://www.googleapis.com/auth/firebase","https://www.googleapis.com/auth/cloud-platform"]
[debug] [2022-10-05T21:12:05.457Z] > authorizing via signed-in user (marioseolvida@gmail.com)
[debug] [2022-10-05T21:12:05.458Z] [iam] checking project shaolinvalenciaweb for permissions ["firebase.projects.get","firebasehosting.sites.update"]
[debug] [2022-10-05T21:12:05.459Z] > refreshing access token with scopes: ["email","https://www.googleapis.com/auth/cloud-platform","https://www.googleapis.com/auth/cloudplatformprojects.readonly","https://www.googleapis.com/auth/firebase","openid"]
[debug] [2022-10-05T21:12:05.459Z] >>> HTTP REQUEST POST https://www.googleapis.com/oauth2/v3/token  
 <request body omitted>
[debug] [2022-10-05T21:12:05.636Z] <<< HTTP RESPONSE 400 {"cache-control":"no-cache, no-store, max-age=0, must-revalidate","expires":"Mon, 01 Jan 1990 00:00:00 GMT","date":"Wed, 05 Oct 2022 21:12:06 GMT","pragma":"no-cache","content-type":"application/json; charset=utf-8","vary":"X-Origin, Referer, Origin,Accept-Encoding","server":"scaffolding on HTTPServer2","x-xss-protection":"0","x-frame-options":"SAMEORIGIN","x-content-type-options":"nosniff","alt-svc":"h3=\":443\"; ma=2592000,h3-29=\":443\"; ma=2592000,h3-Q050=\":443\"; ma=2592000,h3-Q046=\":443\"; ma=2592000,h3-Q043=\":443\"; ma=2592000,quic=\":443\"; ma=2592000; v=\"46,43\"","accept-ranges":"none","transfer-encoding":"chunked"}
[debug] [2022-10-05T21:12:05.637Z] >>> HTTP REQUEST POST https://cloudresourcemanager.googleapis.com/v1/projects/shaolinvalenciaweb:testIamPermissions  
 {"permissions":["firebase.projects.get","firebasehosting.sites.update"]}
[debug] [2022-10-05T21:12:05.771Z] <<< [apiv2][status] GET https://firebase-public.firebaseio.com/cli.json 200
[debug] [2022-10-05T21:12:05.772Z] <<< [apiv2][body] GET https://firebase-public.firebaseio.com/cli.json {"cloudBuildErrorAfter":1594252800000,"cloudBuildWarnAfter":1590019200000,"defaultNode10After":1594252800000,"minVersion":"3.0.5","node8DeploysDisabledAfter":1613390400000,"node8RuntimeDisabledAfter":1615809600000,"node8WarnAfter":1600128000000}
[debug] [2022-10-05T21:12:06.393Z] <<< HTTP RESPONSE 401 {"www-authenticate":"Bearer realm=\"https://accounts.google.com/\", error=\"invalid_token\"","vary":"X-Origin, Referer, Origin,Accept-Encoding","content-type":"application/json; charset=UTF-8","date":"Wed, 05 Oct 2022 21:12:06 GMT","server":"ESF","cache-control":"private","x-xss-protection":"0","x-frame-options":"SAMEORIGIN","x-content-type-options":"nosniff","server-timing":"gfet4t7; dur=619","alt-svc":"h3=\":443\"; ma=2592000,h3-29=\":443\"; ma=2592000,h3-Q050=\":443\"; ma=2592000,h3-Q046=\":443\"; ma=2592000,h3-Q043=\":443\"; ma=2592000,quic=\":443\"; ma=2592000; v=\"46,43\"","accept-ranges":"none","transfer-encoding":"chunked"}
[debug] [2022-10-05T21:12:06.393Z] <<< HTTP RESPONSE BODY {"error":{"code":401,"message":"Request had invalid authentication credentials. Expected OAuth 2 access token, login cookie or other valid authentication credential. See https://developers.google.com/identity/sign-in/web/devconsole-project.","status":"UNAUTHENTICATED","details":[{"@type":"type.googleapis.com/google.rpc.ErrorInfo","reason":"ACCESS_TOKEN_TYPE_UNSUPPORTED","metadata":{"service":"cloudresourcemanager.googleapis.com","method":"google.cloudresourcemanager.v1.Projects.TestIamPermissions"}}]}}
[debug] [2022-10-05T21:12:06.394Z] [iam] error while checking permissions, command may fail: FirebaseError: HTTP Error: 401, Request had invalid authentication credentials. Expected OAuth 2 access token, login cookie or other valid authentication credential. See https://developers.google.com/identity/sign-in/web/devconsole-project.
[debug] [2022-10-05T21:12:06.394Z] > refreshing access token with scopes: []
[debug] [2022-10-05T21:12:06.394Z] >>> HTTP REQUEST POST https://www.googleapis.com/oauth2/v3/token  
 <request body omitted>
[debug] [2022-10-05T21:12:06.523Z] <<< HTTP RESPONSE 400 {"date":"Wed, 05 Oct 2022 21:12:07 GMT","pragma":"no-cache","cache-control":"no-cache, no-store, max-age=0, must-revalidate","expires":"Mon, 01 Jan 1990 00:00:00 GMT","content-type":"application/json; charset=utf-8","vary":"X-Origin, Referer, Origin,Accept-Encoding","server":"scaffolding on HTTPServer2","x-xss-protection":"0","x-frame-options":"SAMEORIGIN","x-content-type-options":"nosniff","alt-svc":"h3=\":443\"; ma=2592000,h3-29=\":443\"; ma=2592000,h3-Q050=\":443\"; ma=2592000,h3-Q046=\":443\"; ma=2592000,h3-Q043=\":443\"; ma=2592000,quic=\":443\"; ma=2592000; v=\"46,43\"","accept-ranges":"none","transfer-encoding":"chunked"}
[debug] [2022-10-05T21:12:06.524Z] >>> [apiv2][query] GET https://firebase.googleapis.com/v1beta1/projects/shaolinvalenciaweb [none]
[debug] [2022-10-05T21:12:06.774Z] <<< [apiv2][status] GET https://firebase.googleapis.com/v1beta1/projects/shaolinvalenciaweb 401
[debug] [2022-10-05T21:12:06.774Z] <<< [apiv2][body] GET https://firebase.googleapis.com/v1beta1/projects/shaolinvalenciaweb {"error":{"code":401,"message":"Request had invalid authentication credentials. Expected OAuth 2 access token, login cookie or other valid authentication credential. See https://developers.google.com/identity/sign-in/web/devconsole-project.","status":"UNAUTHENTICATED"}}
[debug] [2022-10-05T21:12:06.774Z] HTTP Error: 401, Request had invalid authentication credentials. Expected OAuth 2 access token, login cookie or other valid authentication credential. See https://developers.google.com/identity/sign-in/web/devconsole-project.
[debug] [2022-10-05T21:12:06.788Z] FirebaseError: HTTP Error: 401, Request had invalid authentication credentials. Expected OAuth 2 access token, login cookie or other valid authentication credential. See https://developers.google.com/identity/sign-in/web/devconsole-project.
    at module.exports (C:\Users\Silver\AppData\Roaming\npm\node_modules\firebase-tools\lib\responseToError.js:38:12)
    at Client.doRequest (C:\Users\Silver\AppData\Roaming\npm\node_modules\firebase-tools\lib\apiv2.js:241:23)
    at processTicksAndRejections (node:internal/process/task_queues:96:5)
    at async Client.request (C:\Users\Silver\AppData\Roaming\npm\node_modules\firebase-tools\lib\apiv2.js:96:20)
    at async Object.getFirebaseProject (C:\Users\Silver\AppData\Roaming\npm\node_modules\firebase-tools\lib\management\projects.js:290:21)
    at async Object.getDefaultHostingSite (C:\Users\Silver\AppData\Roaming\npm\node_modules\firebase-tools\lib\getDefaultHostingSite.js:8:21)
    at async requireHostingSite (C:\Users\Silver\AppData\Roaming\npm\node_modules\firebase-tools\lib\requireHostingSite.js:9:18)
    at async Object.fn (C:\Users\Silver\AppData\Roaming\npm\node_modules\firebase-tools\lib\commands\deploy.js:73:9)
    at async C:\Users\Silver\AppData\Roaming\npm\node_modules\firebase-tools\lib\command.js:188:17
[error] 
[error] Error: Failed to get Firebase project shaolinvalenciaweb. Please make sure the project exists and your account has permission to access it.
[debug] [2022-10-05T21:43:52.493Z] ----------------------------------------------------------------------
[debug] [2022-10-05T21:43:52.494Z] Command:       C:\Program Files\nodejs\node.exe C:\Users\Silver\AppData\Roaming\npm\node_modules\firebase-tools\lib\bin\firebase.js deploy
[debug] [2022-10-05T21:43:52.495Z] CLI Version:   11.13.0
[debug] [2022-10-05T21:43:52.495Z] Platform:      win32
[debug] [2022-10-05T21:43:52.495Z] Node Version:  v16.13.0
[debug] [2022-10-05T21:43:52.496Z] Time:          Wed Oct 05 2022 23:43:52 GMT+0200 (hora de verano de Europa central)
[debug] [2022-10-05T21:43:52.496Z] ----------------------------------------------------------------------
[debug] 
[debug] [2022-10-05T21:43:52.558Z] > command requires scopes: ["email","openid","https://www.googleapis.com/auth/cloudplatformprojects.readonly","https://www.googleapis.com/auth/firebase","https://www.googleapis.com/auth/cloud-platform"]
[debug] [2022-10-05T21:43:52.558Z] > authorizing via signed-in user (marioseolvida@gmail.com)
[debug] [2022-10-05T21:43:52.558Z] [iam] checking project shaolinvalenciaweb for permissions ["firebase.projects.get","firebasehosting.sites.update"]
[debug] [2022-10-05T21:43:52.559Z] > refreshing access token with scopes: []
[debug] [2022-10-05T21:43:52.561Z] >>> [apiv2][query] POST https://www.googleapis.com/oauth2/v3/token [none]
[debug] [2022-10-05T21:43:52.561Z] >>> [apiv2][body] POST https://www.googleapis.com/oauth2/v3/token [omitted]
[debug] [2022-10-05T21:43:52.786Z] <<< [apiv2][status] POST https://www.googleapis.com/oauth2/v3/token 400
[debug] [2022-10-05T21:43:52.787Z] <<< [apiv2][body] POST https://www.googleapis.com/oauth2/v3/token [omitted]
[debug] [2022-10-05T21:43:52.787Z] >>> [apiv2][query] POST https://cloudresourcemanager.googleapis.com/v1/projects/shaolinvalenciaweb:testIamPermissions [none]
[debug] [2022-10-05T21:43:52.787Z] >>> [apiv2][(partial)header] POST https://cloudresourcemanager.googleapis.com/v1/projects/shaolinvalenciaweb:testIamPermissions x-goog-quota-user=projects/shaolinvalenciaweb
[debug] [2022-10-05T21:43:52.787Z] >>> [apiv2][body] POST https://cloudresourcemanager.googleapis.com/v1/projects/shaolinvalenciaweb:testIamPermissions {"permissions":["firebase.projects.get","firebasehosting.sites.update"]}
[debug] [2022-10-05T21:43:53.540Z] <<< [apiv2][status] POST https://cloudresourcemanager.googleapis.com/v1/projects/shaolinvalenciaweb:testIamPermissions 401
[debug] [2022-10-05T21:43:53.541Z] <<< [apiv2][body] POST https://cloudresourcemanager.googleapis.com/v1/projects/shaolinvalenciaweb:testIamPermissions {"error":{"code":401,"message":"Request had invalid authentication credentials. Expected OAuth 2 access token, login cookie or other valid authentication credential. See https://developers.google.com/identity/sign-in/web/devconsole-project.","status":"UNAUTHENTICATED","details":[{"@type":"type.googleapis.com/google.rpc.ErrorInfo","reason":"ACCESS_TOKEN_TYPE_UNSUPPORTED","metadata":{"service":"cloudresourcemanager.googleapis.com","method":"google.cloudresourcemanager.v1.Projects.TestIamPermissions"}}]}}
[debug] [2022-10-05T21:43:53.541Z] [iam] error while checking permissions, command may fail: FirebaseError: HTTP Error: 401, Request had invalid authentication credentials. Expected OAuth 2 access token, login cookie or other valid authentication credential. See https://developers.google.com/identity/sign-in/web/devconsole-project.
[debug] [2022-10-05T21:43:53.541Z] > refreshing access token with scopes: []
[debug] [2022-10-05T21:43:53.542Z] >>> [apiv2][query] POST https://www.googleapis.com/oauth2/v3/token [none]
[debug] [2022-10-05T21:43:53.542Z] >>> [apiv2][body] POST https://www.googleapis.com/oauth2/v3/token [omitted]
[debug] [2022-10-05T21:43:53.664Z] <<< [apiv2][status] POST https://www.googleapis.com/oauth2/v3/token 400
[debug] [2022-10-05T21:43:53.664Z] <<< [apiv2][body] POST https://www.googleapis.com/oauth2/v3/token [omitted]
[debug] [2022-10-05T21:43:53.665Z] >>> [apiv2][query] GET https://firebase.googleapis.com/v1beta1/projects/shaolinvalenciaweb [none]
[debug] [2022-10-05T21:43:53.822Z] <<< [apiv2][status] GET https://firebase.googleapis.com/v1beta1/projects/shaolinvalenciaweb 401
[debug] [2022-10-05T21:43:53.822Z] <<< [apiv2][body] GET https://firebase.googleapis.com/v1beta1/projects/shaolinvalenciaweb {"error":{"code":401,"message":"Request had invalid authentication credentials. Expected OAuth 2 access token, login cookie or other valid authentication credential. See https://developers.google.com/identity/sign-in/web/devconsole-project.","status":"UNAUTHENTICATED"}}
[debug] [2022-10-05T21:43:53.822Z] HTTP Error: 401, Request had invalid authentication credentials. Expected OAuth 2 access token, login cookie or other valid authentication credential. See https://developers.google.com/identity/sign-in/web/devconsole-project.
[debug] [2022-10-05T21:43:53.838Z] FirebaseError: HTTP Error: 401, Request had invalid authentication credentials. Expected OAuth 2 access token, login cookie or other valid authentication credential. See https://developers.google.com/identity/sign-in/web/devconsole-project.
    at responseToError (C:\Users\Silver\AppData\Roaming\npm\node_modules\firebase-tools\lib\responseToError.js:49:12)
    at RetryOperation._fn (C:\Users\Silver\AppData\Roaming\npm\node_modules\firebase-tools\lib\apiv2.js:288:77)
    at processTicksAndRejections (node:internal/process/task_queues:96:5)
[error] 
[error] Error: Failed to get Firebase project shaolinvalenciaweb. Please make sure the project exists and your account has permission to access it.
